<<<<<<< HEAD
2024-11-13T02:39:46+00:00 INFO Payment gateway enabled: "Cash on delivery"
=======
2024-11-13T16:18:45+00:00 WARNING Empty patterns received from the PTK Pattern Store
2024-11-13T16:19:00+00:00 WARNING Empty patterns received from the PTK Pattern Store
2024-11-13T16:19:00+00:00 WARNING Empty patterns received from the PTK Pattern Store
2024-11-13T16:19:01+00:00 WARNING Empty patterns received from the PTK Pattern Store
2024-11-13T16:19:02+00:00 WARNING Empty patterns received from the PTK Pattern Store
2024-11-13T16:19:02+00:00 WARNING Empty patterns received from the PTK Pattern Store
2024-11-13T16:19:06+00:00 WARNING Empty patterns received from the PTK Pattern Store
2024-11-13T16:19:06+00:00 WARNING Empty patterns received from the PTK Pattern Store
2024-11-13T16:19:15+00:00 WARNING Empty patterns received from the PTK Pattern Store
2024-11-13T16:19:16+00:00 WARNING Empty patterns received from the PTK Pattern Store
2024-11-13T16:19:18+00:00 WARNING Empty patterns received from the PTK Pattern Store
2024-11-13T16:19:26+00:00 WARNING Empty patterns received from the PTK Pattern Store
2024-11-13T16:19:27+00:00 WARNING Empty patterns received from the PTK Pattern Store
2024-11-13T16:19:35+00:00 WARNING Empty patterns received from the PTK Pattern Store
2024-11-13T16:19:37+00:00 WARNING Empty patterns received from the PTK Pattern Store
2024-11-13T16:19:38+00:00 WARNING Empty patterns received from the PTK Pattern Store
2024-11-13T16:19:39+00:00 WARNING Empty patterns received from the PTK Pattern Store
2024-11-13T16:19:41+00:00 WARNING Empty patterns received from the PTK Pattern Store
2024-11-13T16:19:43+00:00 WARNING Empty patterns received from the PTK Pattern Store
2024-11-13T16:20:01+00:00 WARNING Empty patterns received from the PTK Pattern Store
2024-11-13T16:20:01+00:00 WARNING Empty patterns received from the PTK Pattern Store
2024-11-13T16:20:01+00:00 WARNING Empty patterns received from the PTK Pattern Store
2024-11-13T16:20:01+00:00 WARNING Empty patterns received from the PTK Pattern Store
2024-11-13T16:20:01+00:00 WARNING Empty patterns received from the PTK Pattern Store
2024-11-13T16:20:02+00:00 WARNING Empty patterns received from the PTK Pattern Store
2024-11-13T16:20:03+00:00 WARNING Empty patterns received from the PTK Pattern Store
2024-11-13T16:20:04+00:00 WARNING Empty patterns received from the PTK Pattern Store
2024-11-13T16:20:04+00:00 WARNING Empty patterns received from the PTK Pattern Store
2024-11-13T16:20:05+00:00 WARNING Empty patterns received from the PTK Pattern Store
2024-11-13T16:20:05+00:00 WARNING Empty patterns received from the PTK Pattern Store
2024-11-13T16:20:05+00:00 WARNING Empty patterns received from the PTK Pattern Store
2024-11-13T16:20:05+00:00 WARNING Empty patterns received from the PTK Pattern Store
2024-11-13T16:20:05+00:00 WARNING Empty patterns received from the PTK Pattern Store
2024-11-13T16:20:07+00:00 WARNING Empty patterns received from the PTK Pattern Store
2024-11-13T16:20:07+00:00 WARNING Empty patterns received from the PTK Pattern Store
2024-11-13T16:20:08+00:00 WARNING Empty patterns received from the PTK Pattern Store
2024-11-13T16:20:17+00:00 WARNING Empty patterns received from the PTK Pattern Store
2024-11-13T16:20:17+00:00 WARNING Empty patterns received from the PTK Pattern Store
2024-11-13T16:20:18+00:00 WARNING Empty patterns received from the PTK Pattern Store
2024-11-13T16:20:18+00:00 WARNING Empty patterns received from the PTK Pattern Store
2024-11-13T16:20:19+00:00 WARNING Empty patterns received from the PTK Pattern Store
2024-11-13T16:20:20+00:00 WARNING Empty patterns received from the PTK Pattern Store
>>>>>>> c88a009dac2684aff072d10bee91726ed7f3dc4b
